<?xml version="1.0" encoding="UTF-8"?>
<testng-results ignored="0" total="2" passed="2" failed="0" skipped="0">
  <reporter-output>
  </reporter-output>
  <suite started-at="2024-11-16T19:47:34 IST" name="Suite" finished-at="2024-11-16T19:47:49 IST" duration-ms="14697">
    <groups>
      <group name="Regression">
        <method signature="RemoveProductTest.sample()[pri:0, instance:products.RemoveProductTest@3c41ed1d]" name="sample" class="products.RemoveProductTest"/>
      </group> <!-- Regression -->
      <group name="Smoke">
        <method signature="RemoveProductTest.sample()[pri:0, instance:products.RemoveProductTest@3c41ed1d]" name="sample" class="products.RemoveProductTest"/>
        <method signature="AddProductToCartTest.tc_001_AddSingleProductToCartTest()[pri:0, instance:products.AddProductToCartTest@2362f559]" name="tc_001_AddSingleProductToCartTest" class="products.AddProductToCartTest"/>
      </group> <!-- Smoke -->
    </groups>
    <test started-at="2024-11-16T19:47:34 IST" name="Test-Runner1" finished-at="2024-11-16T19:47:45 IST" duration-ms="11174">
      <class name="products.RemoveProductTest">
        <test-method is-config="true" signature="bcConfig()[pri:0, instance:products.RemoveProductTest@3c41ed1d]" started-at="2024-11-16T19:47:35 IST" name="bcConfig" finished-at="2024-11-16T19:47:44 IST" duration-ms="9317" status="PASS">
          <reporter-output>
          </reporter-output>
        </test-method> <!-- bcConfig -->
        <test-method is-config="true" signature="bmConfig()[pri:0, instance:products.RemoveProductTest@3c41ed1d]" started-at="2024-11-16T19:47:44 IST" name="bmConfig" finished-at="2024-11-16T19:47:44 IST" duration-ms="297" status="PASS">
          <reporter-output>
          </reporter-output>
        </test-method> <!-- bmConfig -->
        <test-method signature="sample()[pri:0, instance:products.RemoveProductTest@3c41ed1d]" started-at="2024-11-16T19:47:44 IST" name="sample" finished-at="2024-11-16T19:47:44 IST" duration-ms="2" status="PASS">
          <reporter-output>
          </reporter-output>
        </test-method> <!-- sample -->
        <test-method is-config="true" signature="amConfig()[pri:0, instance:products.RemoveProductTest@3c41ed1d]" started-at="2024-11-16T19:47:44 IST" name="amConfig" finished-at="2024-11-16T19:47:45 IST" duration-ms="416" status="PASS">
          <reporter-output>
          </reporter-output>
        </test-method> <!-- amConfig -->
        <test-method is-config="true" signature="acConfig()[pri:0, instance:products.RemoveProductTest@3c41ed1d]" started-at="2024-11-16T19:47:45 IST" name="acConfig" finished-at="2024-11-16T19:47:45 IST" duration-ms="884" status="PASS">
          <reporter-output>
          </reporter-output>
        </test-method> <!-- acConfig -->
      </class> <!-- products.RemoveProductTest -->
    </test> <!-- Test-Runner1 -->
    <test started-at="2024-11-16T19:47:34 IST" name="Test-Runner2" finished-at="2024-11-16T19:47:49 IST" duration-ms="14697">
      <class name="products.AddProductToCartTest">
        <test-method is-config="true" signature="bsConfig()[pri:0, instance:products.AddProductToCartTest@2362f559]" started-at="2024-11-16T19:47:34 IST" name="bsConfig" finished-at="2024-11-16T19:47:34 IST" duration-ms="12" status="PASS">
          <reporter-output>
          </reporter-output>
        </test-method> <!-- bsConfig -->
        <test-method is-config="true" signature="bcConfig()[pri:0, instance:products.AddProductToCartTest@2362f559]" started-at="2024-11-16T19:47:35 IST" name="bcConfig" finished-at="2024-11-16T19:47:43 IST" duration-ms="8294" status="PASS">
          <reporter-output>
          </reporter-output>
        </test-method> <!-- bcConfig -->
        <test-method is-config="true" signature="bmConfig()[pri:0, instance:products.AddProductToCartTest@2362f559]" started-at="2024-11-16T19:47:43 IST" name="bmConfig" finished-at="2024-11-16T19:47:43 IST" duration-ms="329" status="PASS">
          <reporter-output>
          </reporter-output>
        </test-method> <!-- bmConfig -->
        <test-method signature="tc_001_AddSingleProductToCartTest()[pri:0, instance:products.AddProductToCartTest@2362f559]" started-at="2024-11-16T19:47:43 IST" name="tc_001_AddSingleProductToCartTest" finished-at="2024-11-16T19:47:48 IST" duration-ms="5295" status="PASS">
          <reporter-output>
          </reporter-output>
        </test-method> <!-- tc_001_AddSingleProductToCartTest -->
        <test-method is-config="true" signature="amConfig()[pri:0, instance:products.AddProductToCartTest@2362f559]" started-at="2024-11-16T19:47:48 IST" name="amConfig" finished-at="2024-11-16T19:47:49 IST" duration-ms="183" status="PASS">
          <reporter-output>
          </reporter-output>
        </test-method> <!-- amConfig -->
        <test-method is-config="true" signature="acConfig()[pri:0, instance:products.AddProductToCartTest@2362f559]" started-at="2024-11-16T19:47:49 IST" name="acConfig" finished-at="2024-11-16T19:47:49 IST" duration-ms="330" status="PASS">
          <reporter-output>
          </reporter-output>
        </test-method> <!-- acConfig -->
        <test-method is-config="true" signature="asConfig()[pri:0, instance:products.AddProductToCartTest@2362f559]" started-at="2024-11-16T19:47:49 IST" name="asConfig" finished-at="2024-11-16T19:47:49 IST" duration-ms="1" status="PASS">
          <reporter-output>
          </reporter-output>
        </test-method> <!-- asConfig -->
      </class> <!-- products.AddProductToCartTest -->
    </test> <!-- Test-Runner2 -->
  </suite> <!-- Suite -->
</testng-results>
