<?xml version="1.0" encoding="UTF-8"?>
<testng-results ignored="0" total="1" passed="1" failed="0" skipped="0">
  <reporter-output>
  </reporter-output>
  <suite started-at="2024-11-16T17:08:59 IST" name="Default suite" finished-at="2024-11-16T17:09:16 IST" duration-ms="16700">
    <groups>
    </groups>
    <test started-at="2024-11-16T17:08:59 IST" name="Default test" finished-at="2024-11-16T17:09:16 IST" duration-ms="16700">
      <class name="practice.Test1">
        <test-method signature="Test()[pri:0, instance:practice.Test1@34a3d150]" started-at="2024-11-16T17:08:59 IST" name="Test" finished-at="2024-11-16T17:09:16 IST" duration-ms="16662" status="PASS">
          <reporter-output>
          </reporter-output>
        </test-method> <!-- Test -->
      </class> <!-- practice.Test1 -->
    </test> <!-- Default test -->
  </suite> <!-- Default suite -->
</testng-results>
